2013/02/07 14:32:19 [error] [exception.CException] exception 'CException' with message 'LogController cannot find the requested view "index".' in C:\yii\framework\web\CController.php:878
Stack trace:
#0 C:\yii\framework\web\CController.php(782): CController->renderPartial('index', Array, true)
#1 C:\xampp\htdocs\testingRelation\protected\controllers\LogController.php(128): CController->render('index', Array)
#2 C:\yii\framework\web\actions\CInlineAction.php(49): LogController->actionIndex()
#3 C:\yii\framework\web\CController.php(308): CInlineAction->runWithParams(Array)
#4 C:\yii\framework\web\filters\CFilterChain.php(133): CController->runAction(Object(CInlineAction))
#5 C:\yii\framework\web\filters\CFilter.php(40): CFilterChain->run()
#6 C:\yii\framework\web\CController.php(1145): CFilter->filter(Object(CFilterChain))
#7 C:\yii\framework\web\filters\CInlineFilter.php(58): CController->filterAccessControl(Object(CFilterChain))
#8 C:\yii\framework\web\filters\CFilterChain.php(130): CInlineFilter->filter(Object(CFilterChain))
#9 C:\yii\framework\web\CController.php(291): CFilterChain->run()
#10 C:\yii\framework\web\CController.php(265): CController->runActionWithFilters(Object(CInlineAction), Array)
#11 C:\yii\framework\web\CWebApplication.php(282): CController->run('')
#12 C:\yii\framework\web\CWebApplication.php(141): CWebApplication->runController('log')
#13 C:\yii\framework\base\CApplication.php(169): CWebApplication->processRequest()
#14 C:\xampp\htdocs\testingRelation\index.php(13): CApplication->run()
#15 {main}
REQUEST_URI=/testingRelation/index.php?r=log
HTTP_REFERER=http://localhost/testingRelation/index.php?r=gii/crud
---
2013/02/07 14:32:24 [error] [exception.CException] exception 'CException' with message 'LogController cannot find the requested view "index".' in C:\yii\framework\web\CController.php:878
Stack trace:
#0 C:\yii\framework\web\CController.php(782): CController->renderPartial('index', Array, true)
#1 C:\xampp\htdocs\testingRelation\protected\controllers\LogController.php(128): CController->render('index', Array)
#2 C:\yii\framework\web\actions\CInlineAction.php(49): LogController->actionIndex()
#3 C:\yii\framework\web\CController.php(308): CInlineAction->runWithParams(Array)
#4 C:\yii\framework\web\filters\CFilterChain.php(133): CController->runAction(Object(CInlineAction))
#5 C:\yii\framework\web\filters\CFilter.php(40): CFilterChain->run()
#6 C:\yii\framework\web\CController.php(1145): CFilter->filter(Object(CFilterChain))
#7 C:\yii\framework\web\filters\CInlineFilter.php(58): CController->filterAccessControl(Object(CFilterChain))
#8 C:\yii\framework\web\filters\CFilterChain.php(130): CInlineFilter->filter(Object(CFilterChain))
#9 C:\yii\framework\web\CController.php(291): CFilterChain->run()
#10 C:\yii\framework\web\CController.php(265): CController->runActionWithFilters(Object(CInlineAction), Array)
#11 C:\yii\framework\web\CWebApplication.php(282): CController->run('')
#12 C:\yii\framework\web\CWebApplication.php(141): CWebApplication->runController('log')
#13 C:\yii\framework\base\CApplication.php(169): CWebApplication->processRequest()
#14 C:\xampp\htdocs\testingRelation\index.php(13): CApplication->run()
#15 {main}
REQUEST_URI=/testingRelation/index.php?r=log
---
2013/02/07 15:04:22 [error] [php] Object of class DocumentsOutbound could not be converted to string (C:\xampp\htdocs\testingRelation\protected\views\documentsOutbound\view.php:12)
Stack trace:
#0 C:\yii\framework\web\CController.php(869): DocumentsOutboundController->renderFile()
#1 C:\yii\framework\web\CController.php(782): DocumentsOutboundController->renderPartial()
#2 C:\xampp\htdocs\testingRelation\protected\controllers\DocumentsOutboundController.php(62): DocumentsOutboundController->render()
#3 unknown(0): DocumentsOutboundController->actionView()
#4 C:\yii\framework\web\actions\CAction.php(108): ReflectionMethod->invokeArgs()
#5 C:\yii\framework\web\actions\CInlineAction.php(47): CInlineAction->runWithParamsInternal()
#6 C:\yii\framework\web\CController.php(308): CInlineAction->runWithParams()
#7 C:\yii\framework\web\filters\CFilterChain.php(133): DocumentsOutboundController->runAction()
#8 C:\yii\framework\web\filters\CFilter.php(40): CFilterChain->run()
#9 C:\yii\framework\web\CController.php(1145): CAccessControlFilter->filter()
#10 C:\yii\framework\web\filters\CInlineFilter.php(58): DocumentsOutboundController->filterAccessControl()
#11 C:\yii\framework\web\filters\CFilterChain.php(130): CInlineFilter->filter()
#12 C:\yii\framework\web\CController.php(291): CFilterChain->run()
#13 C:\yii\framework\web\CController.php(265): DocumentsOutboundController->runActionWithFilters()
#14 C:\yii\framework\web\CWebApplication.php(282): DocumentsOutboundController->run()
#15 C:\yii\framework\web\CWebApplication.php(141): CWebApplication->runController()
#16 C:\yii\framework\base\CApplication.php(169): CWebApplication->processRequest()
#17 C:\xampp\htdocs\testingRelation\index.php(13): CWebApplication->run()
REQUEST_URI=/testingRelation/index.php?r=documentsOutbound/view&id=1
in C:\xampp\htdocs\testingRelation\protected\views\documentsOutbound\view.php (12)
in C:\xampp\htdocs\testingRelation\protected\controllers\DocumentsOutboundController.php (62)
in C:\xampp\htdocs\testingRelation\index.php (13)
2013/02/07 15:04:25 [error] [php] Object of class DocumentsOutbound could not be converted to string (C:\xampp\htdocs\testingRelation\protected\views\documentsOutbound\view.php:12)
Stack trace:
#0 C:\yii\framework\web\CController.php(869): DocumentsOutboundController->renderFile()
#1 C:\yii\framework\web\CController.php(782): DocumentsOutboundController->renderPartial()
#2 C:\xampp\htdocs\testingRelation\protected\controllers\DocumentsOutboundController.php(62): DocumentsOutboundController->render()
#3 unknown(0): DocumentsOutboundController->actionView()
#4 C:\yii\framework\web\actions\CAction.php(108): ReflectionMethod->invokeArgs()
#5 C:\yii\framework\web\actions\CInlineAction.php(47): CInlineAction->runWithParamsInternal()
#6 C:\yii\framework\web\CController.php(308): CInlineAction->runWithParams()
#7 C:\yii\framework\web\filters\CFilterChain.php(133): DocumentsOutboundController->runAction()
#8 C:\yii\framework\web\filters\CFilter.php(40): CFilterChain->run()
#9 C:\yii\framework\web\CController.php(1145): CAccessControlFilter->filter()
#10 C:\yii\framework\web\filters\CInlineFilter.php(58): DocumentsOutboundController->filterAccessControl()
#11 C:\yii\framework\web\filters\CFilterChain.php(130): CInlineFilter->filter()
#12 C:\yii\framework\web\CController.php(291): CFilterChain->run()
#13 C:\yii\framework\web\CController.php(265): DocumentsOutboundController->runActionWithFilters()
#14 C:\yii\framework\web\CWebApplication.php(282): DocumentsOutboundController->run()
#15 C:\yii\framework\web\CWebApplication.php(141): CWebApplication->runController()
#16 C:\yii\framework\base\CApplication.php(169): CWebApplication->processRequest()
#17 C:\xampp\htdocs\testingRelation\index.php(13): CWebApplication->run()
REQUEST_URI=/testingRelation/index.php?r=documentsOutbound/view&id=1
in C:\xampp\htdocs\testingRelation\protected\views\documentsOutbound\view.php (12)
in C:\xampp\htdocs\testingRelation\protected\controllers\DocumentsOutboundController.php (62)
in C:\xampp\htdocs\testingRelation\index.php (13)
2013/02/07 15:04:58 [error] [php] Object of class DocumentsOutbound could not be converted to string (C:\xampp\htdocs\testingRelation\protected\views\documentsOutbound\view.php:12)
Stack trace:
#0 C:\yii\framework\web\CController.php(869): DocumentsOutboundController->renderFile()
#1 C:\yii\framework\web\CController.php(782): DocumentsOutboundController->renderPartial()
#2 C:\xampp\htdocs\testingRelation\protected\controllers\DocumentsOutboundController.php(62): DocumentsOutboundController->render()
#3 unknown(0): DocumentsOutboundController->actionView()
#4 C:\yii\framework\web\actions\CAction.php(108): ReflectionMethod->invokeArgs()
#5 C:\yii\framework\web\actions\CInlineAction.php(47): CInlineAction->runWithParamsInternal()
#6 C:\yii\framework\web\CController.php(308): CInlineAction->runWithParams()
#7 C:\yii\framework\web\filters\CFilterChain.php(133): DocumentsOutboundController->runAction()
#8 C:\yii\framework\web\filters\CFilter.php(40): CFilterChain->run()
#9 C:\yii\framework\web\CController.php(1145): CAccessControlFilter->filter()
#10 C:\yii\framework\web\filters\CInlineFilter.php(58): DocumentsOutboundController->filterAccessControl()
#11 C:\yii\framework\web\filters\CFilterChain.php(130): CInlineFilter->filter()
#12 C:\yii\framework\web\CController.php(291): CFilterChain->run()
#13 C:\yii\framework\web\CController.php(265): DocumentsOutboundController->runActionWithFilters()
#14 C:\yii\framework\web\CWebApplication.php(282): DocumentsOutboundController->run()
#15 C:\yii\framework\web\CWebApplication.php(141): CWebApplication->runController()
#16 C:\yii\framework\base\CApplication.php(169): CWebApplication->processRequest()
#17 C:\xampp\htdocs\testingRelation\index.php(13): CWebApplication->run()
REQUEST_URI=/testingRelation/index.php?r=documentsOutbound/view&id=1
in C:\xampp\htdocs\testingRelation\protected\views\documentsOutbound\view.php (12)
in C:\xampp\htdocs\testingRelation\protected\controllers\DocumentsOutboundController.php (62)
in C:\xampp\htdocs\testingRelation\index.php (13)
2013/02/07 15:15:40 [error] [exception.CException] exception 'CException' with message 'Property "DocumentsOutbound.findAll" is not defined.' in C:\yii\framework\base\CComponent.php:130
Stack trace:
#0 C:\yii\framework\db\ar\CActiveRecord.php(143): CComponent->__get('findAll')
#1 C:\xampp\htdocs\testingRelation\protected\views\documentsOutbound\view.php(14): CActiveRecord->__get('findAll')
#2 C:\yii\framework\web\CBaseController.php(126): require('C:\xampp\htdocs...')
#3 C:\yii\framework\web\CBaseController.php(95): CBaseController->renderInternal('C:\xampp\htdocs...', Array, true)
#4 C:\yii\framework\web\CController.php(869): CBaseController->renderFile('C:\xampp\htdocs...', Array, true)
#5 C:\yii\framework\web\CController.php(782): CController->renderPartial('view', Array, true)
#6 C:\xampp\htdocs\testingRelation\protected\controllers\DocumentsOutboundController.php(62): CController->render('view', Array)
#7 [internal function]: DocumentsOutboundController->actionView('1')
#8 C:\yii\framework\web\actions\CAction.php(108): ReflectionMethod->invokeArgs(Object(DocumentsOutboundController), Array)
#9 C:\yii\framework\web\actions\CInlineAction.php(47): CAction->runWithParamsInternal(Object(DocumentsOutboundController), Object(ReflectionMethod), Array)
#10 C:\yii\framework\web\CController.php(308): CInlineAction->runWithParams(Array)
#11 C:\yii\framework\web\filters\CFilterChain.php(133): CController->runAction(Object(CInlineAction))
#12 C:\yii\framework\web\filters\CFilter.php(40): CFilterChain->run()
#13 C:\yii\framework\web\CController.php(1145): CFilter->filter(Object(CFilterChain))
#14 C:\yii\framework\web\filters\CInlineFilter.php(58): CController->filterAccessControl(Object(CFilterChain))
#15 C:\yii\framework\web\filters\CFilterChain.php(130): CInlineFilter->filter(Object(CFilterChain))
#16 C:\yii\framework\web\CController.php(291): CFilterChain->run()
#17 C:\yii\framework\web\CController.php(265): CController->runActionWithFilters(Object(CInlineAction), Array)
#18 C:\yii\framework\web\CWebApplication.php(282): CController->run('view')
#19 C:\yii\framework\web\CWebApplication.php(141): CWebApplication->runController('documentsOutbou...')
#20 C:\yii\framework\base\CApplication.php(169): CWebApplication->processRequest()
#21 C:\xampp\htdocs\testingRelation\index.php(13): CApplication->run()
#22 {main}
REQUEST_URI=/testingRelation/index.php?r=documentsOutbound/view&id=1
HTTP_REFERER=http://localhost/testingRelation/index.php?r=documentsOutbound
---
2013/02/07 15:15:40 [error] [exception.CException] exception 'CException' with message 'Property "DocumentsOutbound.findAll" is not defined.' in C:\yii\framework\base\CComponent.php:130
Stack trace:
#0 C:\yii\framework\db\ar\CActiveRecord.php(143): CComponent->__get('findAll')
#1 C:\xampp\htdocs\testingRelation\protected\views\documentsOutbound\view.php(14): CActiveRecord->__get('findAll')
#2 C:\yii\framework\web\CBaseController.php(126): require('C:\xampp\htdocs...')
#3 C:\yii\framework\web\CBaseController.php(95): CBaseController->renderInternal('C:\xampp\htdocs...', Array, true)
#4 C:\yii\framework\web\CController.php(869): CBaseController->renderFile('C:\xampp\htdocs...', Array, true)
#5 C:\yii\framework\web\CController.php(782): CController->renderPartial('view', Array, true)
#6 C:\xampp\htdocs\testingRelation\protected\controllers\DocumentsOutboundController.php(62): CController->render('view', Array)
#7 [internal function]: DocumentsOutboundController->actionView('1')
#8 C:\yii\framework\web\actions\CAction.php(108): ReflectionMethod->invokeArgs(Object(DocumentsOutboundController), Array)
#9 C:\yii\framework\web\actions\CInlineAction.php(47): CAction->runWithParamsInternal(Object(DocumentsOutboundController), Object(ReflectionMethod), Array)
#10 C:\yii\framework\web\CController.php(308): CInlineAction->runWithParams(Array)
#11 C:\yii\framework\web\filters\CFilterChain.php(133): CController->runAction(Object(CInlineAction))
#12 C:\yii\framework\web\filters\CFilter.php(40): CFilterChain->run()
#13 C:\yii\framework\web\CController.php(1145): CFilter->filter(Object(CFilterChain))
#14 C:\yii\framework\web\filters\CInlineFilter.php(58): CController->filterAccessControl(Object(CFilterChain))
#15 C:\yii\framework\web\filters\CFilterChain.php(130): CInlineFilter->filter(Object(CFilterChain))
#16 C:\yii\framework\web\CController.php(291): CFilterChain->run()
#17 C:\yii\framework\web\CController.php(265): CController->runActionWithFilters(Object(CInlineAction), Array)
#18 C:\yii\framework\web\CWebApplication.php(282): CController->run('view')
#19 C:\yii\framework\web\CWebApplication.php(141): CWebApplication->runController('documentsOutbou...')
#20 C:\yii\framework\base\CApplication.php(169): CWebApplication->processRequest()
#21 C:\xampp\htdocs\testingRelation\index.php(13): CApplication->run()
#22 {main}
REQUEST_URI=/testingRelation/index.php?r=documentsOutbound/view&id=1
HTTP_REFERER=http://localhost/testingRelation/index.php?r=documentsOutbound
---
2013/02/07 15:15:41 [error] [exception.CException] exception 'CException' with message 'Property "DocumentsOutbound.findAll" is not defined.' in C:\yii\framework\base\CComponent.php:130
Stack trace:
#0 C:\yii\framework\db\ar\CActiveRecord.php(143): CComponent->__get('findAll')
#1 C:\xampp\htdocs\testingRelation\protected\views\documentsOutbound\view.php(14): CActiveRecord->__get('findAll')
#2 C:\yii\framework\web\CBaseController.php(126): require('C:\xampp\htdocs...')
#3 C:\yii\framework\web\CBaseController.php(95): CBaseController->renderInternal('C:\xampp\htdocs...', Array, true)
#4 C:\yii\framework\web\CController.php(869): CBaseController->renderFile('C:\xampp\htdocs...', Array, true)
#5 C:\yii\framework\web\CController.php(782): CController->renderPartial('view', Array, true)
#6 C:\xampp\htdocs\testingRelation\protected\controllers\DocumentsOutboundController.php(62): CController->render('view', Array)
#7 [internal function]: DocumentsOutboundController->actionView('1')
#8 C:\yii\framework\web\actions\CAction.php(108): ReflectionMethod->invokeArgs(Object(DocumentsOutboundController), Array)
#9 C:\yii\framework\web\actions\CInlineAction.php(47): CAction->runWithParamsInternal(Object(DocumentsOutboundController), Object(ReflectionMethod), Array)
#10 C:\yii\framework\web\CController.php(308): CInlineAction->runWithParams(Array)
#11 C:\yii\framework\web\filters\CFilterChain.php(133): CController->runAction(Object(CInlineAction))
#12 C:\yii\framework\web\filters\CFilter.php(40): CFilterChain->run()
#13 C:\yii\framework\web\CController.php(1145): CFilter->filter(Object(CFilterChain))
#14 C:\yii\framework\web\filters\CInlineFilter.php(58): CController->filterAccessControl(Object(CFilterChain))
#15 C:\yii\framework\web\filters\CFilterChain.php(130): CInlineFilter->filter(Object(CFilterChain))
#16 C:\yii\framework\web\CController.php(291): CFilterChain->run()
#17 C:\yii\framework\web\CController.php(265): CController->runActionWithFilters(Object(CInlineAction), Array)
#18 C:\yii\framework\web\CWebApplication.php(282): CController->run('view')
#19 C:\yii\framework\web\CWebApplication.php(141): CWebApplication->runController('documentsOutbou...')
#20 C:\yii\framework\base\CApplication.php(169): CWebApplication->processRequest()
#21 C:\xampp\htdocs\testingRelation\index.php(13): CApplication->run()
#22 {main}
REQUEST_URI=/testingRelation/index.php?r=documentsOutbound/view&id=1
HTTP_REFERER=http://localhost/testingRelation/index.php?r=documentsOutbound
---
2013/02/07 15:15:41 [error] [exception.CException] exception 'CException' with message 'Property "DocumentsOutbound.findAll" is not defined.' in C:\yii\framework\base\CComponent.php:130
Stack trace:
#0 C:\yii\framework\db\ar\CActiveRecord.php(143): CComponent->__get('findAll')
#1 C:\xampp\htdocs\testingRelation\protected\views\documentsOutbound\view.php(14): CActiveRecord->__get('findAll')
#2 C:\yii\framework\web\CBaseController.php(126): require('C:\xampp\htdocs...')
#3 C:\yii\framework\web\CBaseController.php(95): CBaseController->renderInternal('C:\xampp\htdocs...', Array, true)
#4 C:\yii\framework\web\CController.php(869): CBaseController->renderFile('C:\xampp\htdocs...', Array, true)
#5 C:\yii\framework\web\CController.php(782): CController->renderPartial('view', Array, true)
#6 C:\xampp\htdocs\testingRelation\protected\controllers\DocumentsOutboundController.php(62): CController->render('view', Array)
#7 [internal function]: DocumentsOutboundController->actionView('1')
#8 C:\yii\framework\web\actions\CAction.php(108): ReflectionMethod->invokeArgs(Object(DocumentsOutboundController), Array)
#9 C:\yii\framework\web\actions\CInlineAction.php(47): CAction->runWithParamsInternal(Object(DocumentsOutboundController), Object(ReflectionMethod), Array)
#10 C:\yii\framework\web\CController.php(308): CInlineAction->runWithParams(Array)
#11 C:\yii\framework\web\filters\CFilterChain.php(133): CController->runAction(Object(CInlineAction))
#12 C:\yii\framework\web\filters\CFilter.php(40): CFilterChain->run()
#13 C:\yii\framework\web\CController.php(1145): CFilter->filter(Object(CFilterChain))
#14 C:\yii\framework\web\filters\CInlineFilter.php(58): CController->filterAccessControl(Object(CFilterChain))
#15 C:\yii\framework\web\filters\CFilterChain.php(130): CInlineFilter->filter(Object(CFilterChain))
#16 C:\yii\framework\web\CController.php(291): CFilterChain->run()
#17 C:\yii\framework\web\CController.php(265): CController->runActionWithFilters(Object(CInlineAction), Array)
#18 C:\yii\framework\web\CWebApplication.php(282): CController->run('view')
#19 C:\yii\framework\web\CWebApplication.php(141): CWebApplication->runController('documentsOutbou...')
#20 C:\yii\framework\base\CApplication.php(169): CWebApplication->processRequest()
#21 C:\xampp\htdocs\testingRelation\index.php(13): CApplication->run()
#22 {main}
REQUEST_URI=/testingRelation/index.php?r=documentsOutbound/view&id=1
HTTP_REFERER=http://localhost/testingRelation/index.php?r=documentsOutbound
---
2013/02/07 15:17:07 [error] [php] Invalid argument supplied for foreach() (C:\xampp\htdocs\testingRelation\protected\views\documentsOutbound\view.php:15)
Stack trace:
#0 C:\yii\framework\web\CController.php(869): DocumentsOutboundController->renderFile()
#1 C:\yii\framework\web\CController.php(782): DocumentsOutboundController->renderPartial()
#2 C:\xampp\htdocs\testingRelation\protected\controllers\DocumentsOutboundController.php(62): DocumentsOutboundController->render()
#3 unknown(0): DocumentsOutboundController->actionView()
#4 C:\yii\framework\web\actions\CAction.php(108): ReflectionMethod->invokeArgs()
#5 C:\yii\framework\web\actions\CInlineAction.php(47): CInlineAction->runWithParamsInternal()
#6 C:\yii\framework\web\CController.php(308): CInlineAction->runWithParams()
#7 C:\yii\framework\web\filters\CFilterChain.php(133): DocumentsOutboundController->runAction()
#8 C:\yii\framework\web\filters\CFilter.php(40): CFilterChain->run()
#9 C:\yii\framework\web\CController.php(1145): CAccessControlFilter->filter()
#10 C:\yii\framework\web\filters\CInlineFilter.php(58): DocumentsOutboundController->filterAccessControl()
#11 C:\yii\framework\web\filters\CFilterChain.php(130): CInlineFilter->filter()
#12 C:\yii\framework\web\CController.php(291): CFilterChain->run()
#13 C:\yii\framework\web\CController.php(265): DocumentsOutboundController->runActionWithFilters()
#14 C:\yii\framework\web\CWebApplication.php(282): DocumentsOutboundController->run()
#15 C:\yii\framework\web\CWebApplication.php(141): CWebApplication->runController()
#16 C:\yii\framework\base\CApplication.php(169): CWebApplication->processRequest()
#17 C:\xampp\htdocs\testingRelation\index.php(13): CWebApplication->run()
REQUEST_URI=/testingRelation/index.php?r=documentsOutbound/view&id=1
in C:\xampp\htdocs\testingRelation\protected\views\documentsOutbound\view.php (15)
in C:\xampp\htdocs\testingRelation\protected\controllers\DocumentsOutboundController.php (62)
in C:\xampp\htdocs\testingRelation\index.php (13)
2013/02/07 15:17:08 [error] [php] Invalid argument supplied for foreach() (C:\xampp\htdocs\testingRelation\protected\views\documentsOutbound\view.php:15)
Stack trace:
#0 C:\yii\framework\web\CController.php(869): DocumentsOutboundController->renderFile()
#1 C:\yii\framework\web\CController.php(782): DocumentsOutboundController->renderPartial()
#2 C:\xampp\htdocs\testingRelation\protected\controllers\DocumentsOutboundController.php(62): DocumentsOutboundController->render()
#3 unknown(0): DocumentsOutboundController->actionView()
#4 C:\yii\framework\web\actions\CAction.php(108): ReflectionMethod->invokeArgs()
#5 C:\yii\framework\web\actions\CInlineAction.php(47): CInlineAction->runWithParamsInternal()
#6 C:\yii\framework\web\CController.php(308): CInlineAction->runWithParams()
#7 C:\yii\framework\web\filters\CFilterChain.php(133): DocumentsOutboundController->runAction()
#8 C:\yii\framework\web\filters\CFilter.php(40): CFilterChain->run()
#9 C:\yii\framework\web\CController.php(1145): CAccessControlFilter->filter()
#10 C:\yii\framework\web\filters\CInlineFilter.php(58): DocumentsOutboundController->filterAccessControl()
#11 C:\yii\framework\web\filters\CFilterChain.php(130): CInlineFilter->filter()
#12 C:\yii\framework\web\CController.php(291): CFilterChain->run()
#13 C:\yii\framework\web\CController.php(265): DocumentsOutboundController->runActionWithFilters()
#14 C:\yii\framework\web\CWebApplication.php(282): DocumentsOutboundController->run()
#15 C:\yii\framework\web\CWebApplication.php(141): CWebApplication->runController()
#16 C:\yii\framework\base\CApplication.php(169): CWebApplication->processRequest()
#17 C:\xampp\htdocs\testingRelation\index.php(13): CWebApplication->run()
REQUEST_URI=/testingRelation/index.php?r=documentsOutbound/view&id=1
in C:\xampp\htdocs\testingRelation\protected\views\documentsOutbound\view.php (15)
in C:\xampp\htdocs\testingRelation\protected\controllers\DocumentsOutboundController.php (62)
in C:\xampp\htdocs\testingRelation\index.php (13)
2013/02/07 15:17:08 [error] [php] Invalid argument supplied for foreach() (C:\xampp\htdocs\testingRelation\protected\views\documentsOutbound\view.php:15)
Stack trace:
#0 C:\yii\framework\web\CController.php(869): DocumentsOutboundController->renderFile()
#1 C:\yii\framework\web\CController.php(782): DocumentsOutboundController->renderPartial()
#2 C:\xampp\htdocs\testingRelation\protected\controllers\DocumentsOutboundController.php(62): DocumentsOutboundController->render()
#3 unknown(0): DocumentsOutboundController->actionView()
#4 C:\yii\framework\web\actions\CAction.php(108): ReflectionMethod->invokeArgs()
#5 C:\yii\framework\web\actions\CInlineAction.php(47): CInlineAction->runWithParamsInternal()
#6 C:\yii\framework\web\CController.php(308): CInlineAction->runWithParams()
#7 C:\yii\framework\web\filters\CFilterChain.php(133): DocumentsOutboundController->runAction()
#8 C:\yii\framework\web\filters\CFilter.php(40): CFilterChain->run()
#9 C:\yii\framework\web\CController.php(1145): CAccessControlFilter->filter()
#10 C:\yii\framework\web\filters\CInlineFilter.php(58): DocumentsOutboundController->filterAccessControl()
#11 C:\yii\framework\web\filters\CFilterChain.php(130): CInlineFilter->filter()
#12 C:\yii\framework\web\CController.php(291): CFilterChain->run()
#13 C:\yii\framework\web\CController.php(265): DocumentsOutboundController->runActionWithFilters()
#14 C:\yii\framework\web\CWebApplication.php(282): DocumentsOutboundController->run()
#15 C:\yii\framework\web\CWebApplication.php(141): CWebApplication->runController()
#16 C:\yii\framework\base\CApplication.php(169): CWebApplication->processRequest()
#17 C:\xampp\htdocs\testingRelation\index.php(13): CWebApplication->run()
REQUEST_URI=/testingRelation/index.php?r=documentsOutbound/view&id=1
in C:\xampp\htdocs\testingRelation\protected\views\documentsOutbound\view.php (15)
in C:\xampp\htdocs\testingRelation\protected\controllers\DocumentsOutboundController.php (62)
in C:\xampp\htdocs\testingRelation\index.php (13)
2013/02/07 15:17:08 [error] [php] Invalid argument supplied for foreach() (C:\xampp\htdocs\testingRelation\protected\views\documentsOutbound\view.php:15)
Stack trace:
#0 C:\yii\framework\web\CController.php(869): DocumentsOutboundController->renderFile()
#1 C:\yii\framework\web\CController.php(782): DocumentsOutboundController->renderPartial()
#2 C:\xampp\htdocs\testingRelation\protected\controllers\DocumentsOutboundController.php(62): DocumentsOutboundController->render()
#3 unknown(0): DocumentsOutboundController->actionView()
#4 C:\yii\framework\web\actions\CAction.php(108): ReflectionMethod->invokeArgs()
#5 C:\yii\framework\web\actions\CInlineAction.php(47): CInlineAction->runWithParamsInternal()
#6 C:\yii\framework\web\CController.php(308): CInlineAction->runWithParams()
#7 C:\yii\framework\web\filters\CFilterChain.php(133): DocumentsOutboundController->runAction()
#8 C:\yii\framework\web\filters\CFilter.php(40): CFilterChain->run()
#9 C:\yii\framework\web\CController.php(1145): CAccessControlFilter->filter()
#10 C:\yii\framework\web\filters\CInlineFilter.php(58): DocumentsOutboundController->filterAccessControl()
#11 C:\yii\framework\web\filters\CFilterChain.php(130): CInlineFilter->filter()
#12 C:\yii\framework\web\CController.php(291): CFilterChain->run()
#13 C:\yii\framework\web\CController.php(265): DocumentsOutboundController->runActionWithFilters()
#14 C:\yii\framework\web\CWebApplication.php(282): DocumentsOutboundController->run()
#15 C:\yii\framework\web\CWebApplication.php(141): CWebApplication->runController()
#16 C:\yii\framework\base\CApplication.php(169): CWebApplication->processRequest()
#17 C:\xampp\htdocs\testingRelation\index.php(13): CWebApplication->run()
REQUEST_URI=/testingRelation/index.php?r=documentsOutbound/view&id=1
in C:\xampp\htdocs\testingRelation\protected\views\documentsOutbound\view.php (15)
in C:\xampp\htdocs\testingRelation\protected\controllers\DocumentsOutboundController.php (62)
in C:\xampp\htdocs\testingRelation\index.php (13)
2013/02/07 15:17:09 [error] [php] Invalid argument supplied for foreach() (C:\xampp\htdocs\testingRelation\protected\views\documentsOutbound\view.php:15)
Stack trace:
#0 C:\yii\framework\web\CController.php(869): DocumentsOutboundController->renderFile()
#1 C:\yii\framework\web\CController.php(782): DocumentsOutboundController->renderPartial()
#2 C:\xampp\htdocs\testingRelation\protected\controllers\DocumentsOutboundController.php(62): DocumentsOutboundController->render()
#3 unknown(0): DocumentsOutboundController->actionView()
#4 C:\yii\framework\web\actions\CAction.php(108): ReflectionMethod->invokeArgs()
#5 C:\yii\framework\web\actions\CInlineAction.php(47): CInlineAction->runWithParamsInternal()
#6 C:\yii\framework\web\CController.php(308): CInlineAction->runWithParams()
#7 C:\yii\framework\web\filters\CFilterChain.php(133): DocumentsOutboundController->runAction()
#8 C:\yii\framework\web\filters\CFilter.php(40): CFilterChain->run()
#9 C:\yii\framework\web\CController.php(1145): CAccessControlFilter->filter()
#10 C:\yii\framework\web\filters\CInlineFilter.php(58): DocumentsOutboundController->filterAccessControl()
#11 C:\yii\framework\web\filters\CFilterChain.php(130): CInlineFilter->filter()
#12 C:\yii\framework\web\CController.php(291): CFilterChain->run()
#13 C:\yii\framework\web\CController.php(265): DocumentsOutboundController->runActionWithFilters()
#14 C:\yii\framework\web\CWebApplication.php(282): DocumentsOutboundController->run()
#15 C:\yii\framework\web\CWebApplication.php(141): CWebApplication->runController()
#16 C:\yii\framework\base\CApplication.php(169): CWebApplication->processRequest()
#17 C:\xampp\htdocs\testingRelation\index.php(13): CWebApplication->run()
REQUEST_URI=/testingRelation/index.php?r=documentsOutbound/view&id=1
in C:\xampp\htdocs\testingRelation\protected\views\documentsOutbound\view.php (15)
in C:\xampp\htdocs\testingRelation\protected\controllers\DocumentsOutboundController.php (62)
in C:\xampp\htdocs\testingRelation\index.php (13)
2013/02/07 15:17:20 [error] [php] Invalid argument supplied for foreach() (C:\xampp\htdocs\testingRelation\protected\views\documentsOutbound\view.php:15)
Stack trace:
#0 C:\yii\framework\web\CController.php(869): DocumentsOutboundController->renderFile()
#1 C:\yii\framework\web\CController.php(782): DocumentsOutboundController->renderPartial()
#2 C:\xampp\htdocs\testingRelation\protected\controllers\DocumentsOutboundController.php(62): DocumentsOutboundController->render()
#3 unknown(0): DocumentsOutboundController->actionView()
#4 C:\yii\framework\web\actions\CAction.php(108): ReflectionMethod->invokeArgs()
#5 C:\yii\framework\web\actions\CInlineAction.php(47): CInlineAction->runWithParamsInternal()
#6 C:\yii\framework\web\CController.php(308): CInlineAction->runWithParams()
#7 C:\yii\framework\web\filters\CFilterChain.php(133): DocumentsOutboundController->runAction()
#8 C:\yii\framework\web\filters\CFilter.php(40): CFilterChain->run()
#9 C:\yii\framework\web\CController.php(1145): CAccessControlFilter->filter()
#10 C:\yii\framework\web\filters\CInlineFilter.php(58): DocumentsOutboundController->filterAccessControl()
#11 C:\yii\framework\web\filters\CFilterChain.php(130): CInlineFilter->filter()
#12 C:\yii\framework\web\CController.php(291): CFilterChain->run()
#13 C:\yii\framework\web\CController.php(265): DocumentsOutboundController->runActionWithFilters()
#14 C:\yii\framework\web\CWebApplication.php(282): DocumentsOutboundController->run()
#15 C:\yii\framework\web\CWebApplication.php(141): CWebApplication->runController()
#16 C:\yii\framework\base\CApplication.php(169): CWebApplication->processRequest()
#17 C:\xampp\htdocs\testingRelation\index.php(13): CWebApplication->run()
REQUEST_URI=/testingRelation/index.php?r=documentsOutbound/view&id=1
in C:\xampp\htdocs\testingRelation\protected\views\documentsOutbound\view.php (15)
in C:\xampp\htdocs\testingRelation\protected\controllers\DocumentsOutboundController.php (62)
in C:\xampp\htdocs\testingRelation\index.php (13)
2013/02/07 15:17:20 [error] [php] Invalid argument supplied for foreach() (C:\xampp\htdocs\testingRelation\protected\views\documentsOutbound\view.php:15)
Stack trace:
#0 C:\yii\framework\web\CController.php(869): DocumentsOutboundController->renderFile()
#1 C:\yii\framework\web\CController.php(782): DocumentsOutboundController->renderPartial()
#2 C:\xampp\htdocs\testingRelation\protected\controllers\DocumentsOutboundController.php(62): DocumentsOutboundController->render()
#3 unknown(0): DocumentsOutboundController->actionView()
#4 C:\yii\framework\web\actions\CAction.php(108): ReflectionMethod->invokeArgs()
#5 C:\yii\framework\web\actions\CInlineAction.php(47): CInlineAction->runWithParamsInternal()
#6 C:\yii\framework\web\CController.php(308): CInlineAction->runWithParams()
#7 C:\yii\framework\web\filters\CFilterChain.php(133): DocumentsOutboundController->runAction()
#8 C:\yii\framework\web\filters\CFilter.php(40): CFilterChain->run()
#9 C:\yii\framework\web\CController.php(1145): CAccessControlFilter->filter()
#10 C:\yii\framework\web\filters\CInlineFilter.php(58): DocumentsOutboundController->filterAccessControl()
#11 C:\yii\framework\web\filters\CFilterChain.php(130): CInlineFilter->filter()
#12 C:\yii\framework\web\CController.php(291): CFilterChain->run()
#13 C:\yii\framework\web\CController.php(265): DocumentsOutboundController->runActionWithFilters()
#14 C:\yii\framework\web\CWebApplication.php(282): DocumentsOutboundController->run()
#15 C:\yii\framework\web\CWebApplication.php(141): CWebApplication->runController()
#16 C:\yii\framework\base\CApplication.php(169): CWebApplication->processRequest()
#17 C:\xampp\htdocs\testingRelation\index.php(13): CWebApplication->run()
REQUEST_URI=/testingRelation/index.php?r=documentsOutbound/view&id=1
in C:\xampp\htdocs\testingRelation\protected\views\documentsOutbound\view.php (15)
in C:\xampp\htdocs\testingRelation\protected\controllers\DocumentsOutboundController.php (62)
in C:\xampp\htdocs\testingRelation\index.php (13)
2013/02/07 15:17:21 [error] [php] Invalid argument supplied for foreach() (C:\xampp\htdocs\testingRelation\protected\views\documentsOutbound\view.php:15)
Stack trace:
#0 C:\yii\framework\web\CController.php(869): DocumentsOutboundController->renderFile()
#1 C:\yii\framework\web\CController.php(782): DocumentsOutboundController->renderPartial()
#2 C:\xampp\htdocs\testingRelation\protected\controllers\DocumentsOutboundController.php(62): DocumentsOutboundController->render()
#3 unknown(0): DocumentsOutboundController->actionView()
#4 C:\yii\framework\web\actions\CAction.php(108): ReflectionMethod->invokeArgs()
#5 C:\yii\framework\web\actions\CInlineAction.php(47): CInlineAction->runWithParamsInternal()
#6 C:\yii\framework\web\CController.php(308): CInlineAction->runWithParams()
#7 C:\yii\framework\web\filters\CFilterChain.php(133): DocumentsOutboundController->runAction()
#8 C:\yii\framework\web\filters\CFilter.php(40): CFilterChain->run()
#9 C:\yii\framework\web\CController.php(1145): CAccessControlFilter->filter()
#10 C:\yii\framework\web\filters\CInlineFilter.php(58): DocumentsOutboundController->filterAccessControl()
#11 C:\yii\framework\web\filters\CFilterChain.php(130): CInlineFilter->filter()
#12 C:\yii\framework\web\CController.php(291): CFilterChain->run()
#13 C:\yii\framework\web\CController.php(265): DocumentsOutboundController->runActionWithFilters()
#14 C:\yii\framework\web\CWebApplication.php(282): DocumentsOutboundController->run()
#15 C:\yii\framework\web\CWebApplication.php(141): CWebApplication->runController()
#16 C:\yii\framework\base\CApplication.php(169): CWebApplication->processRequest()
#17 C:\xampp\htdocs\testingRelation\index.php(13): CWebApplication->run()
REQUEST_URI=/testingRelation/index.php?r=documentsOutbound/view&id=1
in C:\xampp\htdocs\testingRelation\protected\views\documentsOutbound\view.php (15)
in C:\xampp\htdocs\testingRelation\protected\controllers\DocumentsOutboundController.php (62)
in C:\xampp\htdocs\testingRelation\index.php (13)
2013/02/07 15:17:21 [error] [php] Invalid argument supplied for foreach() (C:\xampp\htdocs\testingRelation\protected\views\documentsOutbound\view.php:15)
Stack trace:
#0 C:\yii\framework\web\CController.php(869): DocumentsOutboundController->renderFile()
#1 C:\yii\framework\web\CController.php(782): DocumentsOutboundController->renderPartial()
#2 C:\xampp\htdocs\testingRelation\protected\controllers\DocumentsOutboundController.php(62): DocumentsOutboundController->render()
#3 unknown(0): DocumentsOutboundController->actionView()
#4 C:\yii\framework\web\actions\CAction.php(108): ReflectionMethod->invokeArgs()
#5 C:\yii\framework\web\actions\CInlineAction.php(47): CInlineAction->runWithParamsInternal()
#6 C:\yii\framework\web\CController.php(308): CInlineAction->runWithParams()
#7 C:\yii\framework\web\filters\CFilterChain.php(133): DocumentsOutboundController->runAction()
#8 C:\yii\framework\web\filters\CFilter.php(40): CFilterChain->run()
#9 C:\yii\framework\web\CController.php(1145): CAccessControlFilter->filter()
#10 C:\yii\framework\web\filters\CInlineFilter.php(58): DocumentsOutboundController->filterAccessControl()
#11 C:\yii\framework\web\filters\CFilterChain.php(130): CInlineFilter->filter()
#12 C:\yii\framework\web\CController.php(291): CFilterChain->run()
#13 C:\yii\framework\web\CController.php(265): DocumentsOutboundController->runActionWithFilters()
#14 C:\yii\framework\web\CWebApplication.php(282): DocumentsOutboundController->run()
#15 C:\yii\framework\web\CWebApplication.php(141): CWebApplication->runController()
#16 C:\yii\framework\base\CApplication.php(169): CWebApplication->processRequest()
#17 C:\xampp\htdocs\testingRelation\index.php(13): CWebApplication->run()
REQUEST_URI=/testingRelation/index.php?r=documentsOutbound/view&id=1
in C:\xampp\htdocs\testingRelation\protected\views\documentsOutbound\view.php (15)
in C:\xampp\htdocs\testingRelation\protected\controllers\DocumentsOutboundController.php (62)
in C:\xampp\htdocs\testingRelation\index.php (13)
2013/02/07 15:17:21 [error] [php] Invalid argument supplied for foreach() (C:\xampp\htdocs\testingRelation\protected\views\documentsOutbound\view.php:15)
Stack trace:
#0 C:\yii\framework\web\CController.php(869): DocumentsOutboundController->renderFile()
#1 C:\yii\framework\web\CController.php(782): DocumentsOutboundController->renderPartial()
#2 C:\xampp\htdocs\testingRelation\protected\controllers\DocumentsOutboundController.php(62): DocumentsOutboundController->render()
#3 unknown(0): DocumentsOutboundController->actionView()
#4 C:\yii\framework\web\actions\CAction.php(108): ReflectionMethod->invokeArgs()
#5 C:\yii\framework\web\actions\CInlineAction.php(47): CInlineAction->runWithParamsInternal()
#6 C:\yii\framework\web\CController.php(308): CInlineAction->runWithParams()
#7 C:\yii\framework\web\filters\CFilterChain.php(133): DocumentsOutboundController->runAction()
#8 C:\yii\framework\web\filters\CFilter.php(40): CFilterChain->run()
#9 C:\yii\framework\web\CController.php(1145): CAccessControlFilter->filter()
#10 C:\yii\framework\web\filters\CInlineFilter.php(58): DocumentsOutboundController->filterAccessControl()
#11 C:\yii\framework\web\filters\CFilterChain.php(130): CInlineFilter->filter()
#12 C:\yii\framework\web\CController.php(291): CFilterChain->run()
#13 C:\yii\framework\web\CController.php(265): DocumentsOutboundController->runActionWithFilters()
#14 C:\yii\framework\web\CWebApplication.php(282): DocumentsOutboundController->run()
#15 C:\yii\framework\web\CWebApplication.php(141): CWebApplication->runController()
#16 C:\yii\framework\base\CApplication.php(169): CWebApplication->processRequest()
#17 C:\xampp\htdocs\testingRelation\index.php(13): CWebApplication->run()
REQUEST_URI=/testingRelation/index.php?r=documentsOutbound/view&id=1
in C:\xampp\htdocs\testingRelation\protected\views\documentsOutbound\view.php (15)
in C:\xampp\htdocs\testingRelation\protected\controllers\DocumentsOutboundController.php (62)
in C:\xampp\htdocs\testingRelation\index.php (13)
2013/02/07 15:17:21 [error] [php] Invalid argument supplied for foreach() (C:\xampp\htdocs\testingRelation\protected\views\documentsOutbound\view.php:15)
Stack trace:
#0 C:\yii\framework\web\CController.php(869): DocumentsOutboundController->renderFile()
#1 C:\yii\framework\web\CController.php(782): DocumentsOutboundController->renderPartial()
#2 C:\xampp\htdocs\testingRelation\protected\controllers\DocumentsOutboundController.php(62): DocumentsOutboundController->render()
#3 unknown(0): DocumentsOutboundController->actionView()
#4 C:\yii\framework\web\actions\CAction.php(108): ReflectionMethod->invokeArgs()
#5 C:\yii\framework\web\actions\CInlineAction.php(47): CInlineAction->runWithParamsInternal()
#6 C:\yii\framework\web\CController.php(308): CInlineAction->runWithParams()
#7 C:\yii\framework\web\filters\CFilterChain.php(133): DocumentsOutboundController->runAction()
#8 C:\yii\framework\web\filters\CFilter.php(40): CFilterChain->run()
#9 C:\yii\framework\web\CController.php(1145): CAccessControlFilter->filter()
#10 C:\yii\framework\web\filters\CInlineFilter.php(58): DocumentsOutboundController->filterAccessControl()
#11 C:\yii\framework\web\filters\CFilterChain.php(130): CInlineFilter->filter()
#12 C:\yii\framework\web\CController.php(291): CFilterChain->run()
#13 C:\yii\framework\web\CController.php(265): DocumentsOutboundController->runActionWithFilters()
#14 C:\yii\framework\web\CWebApplication.php(282): DocumentsOutboundController->run()
#15 C:\yii\framework\web\CWebApplication.php(141): CWebApplication->runController()
#16 C:\yii\framework\base\CApplication.php(169): CWebApplication->processRequest()
#17 C:\xampp\htdocs\testingRelation\index.php(13): CWebApplication->run()
REQUEST_URI=/testingRelation/index.php?r=documentsOutbound/view&id=1
in C:\xampp\htdocs\testingRelation\protected\views\documentsOutbound\view.php (15)
in C:\xampp\htdocs\testingRelation\protected\controllers\DocumentsOutboundController.php (62)
in C:\xampp\htdocs\testingRelation\index.php (13)
2013/02/07 15:20:24 [error] [exception.CException] exception 'CException' with message 'Property "DocumentsOutbound.document_table" is not defined.' in C:\yii\framework\base\CComponent.php:130
Stack trace:
#0 C:\yii\framework\db\ar\CActiveRecord.php(143): CComponent->__get('document_table')
#1 C:\xampp\htdocs\testingRelation\protected\views\documentsOutbound\view.php(16): CActiveRecord->__get('document_table')
#2 C:\yii\framework\web\CBaseController.php(126): require('C:\xampp\htdocs...')
#3 C:\yii\framework\web\CBaseController.php(95): CBaseController->renderInternal('C:\xampp\htdocs...', Array, true)
#4 C:\yii\framework\web\CController.php(869): CBaseController->renderFile('C:\xampp\htdocs...', Array, true)
#5 C:\yii\framework\web\CController.php(782): CController->renderPartial('view', Array, true)
#6 C:\xampp\htdocs\testingRelation\protected\controllers\DocumentsOutboundController.php(62): CController->render('view', Array)
#7 [internal function]: DocumentsOutboundController->actionView('1')
#8 C:\yii\framework\web\actions\CAction.php(108): ReflectionMethod->invokeArgs(Object(DocumentsOutboundController), Array)
#9 C:\yii\framework\web\actions\CInlineAction.php(47): CAction->runWithParamsInternal(Object(DocumentsOutboundController), Object(ReflectionMethod), Array)
#10 C:\yii\framework\web\CController.php(308): CInlineAction->runWithParams(Array)
#11 C:\yii\framework\web\filters\CFilterChain.php(133): CController->runAction(Object(CInlineAction))
#12 C:\yii\framework\web\filters\CFilter.php(40): CFilterChain->run()
#13 C:\yii\framework\web\CController.php(1145): CFilter->filter(Object(CFilterChain))
#14 C:\yii\framework\web\filters\CInlineFilter.php(58): CController->filterAccessControl(Object(CFilterChain))
#15 C:\yii\framework\web\filters\CFilterChain.php(130): CInlineFilter->filter(Object(CFilterChain))
#16 C:\yii\framework\web\CController.php(291): CFilterChain->run()
#17 C:\yii\framework\web\CController.php(265): CController->runActionWithFilters(Object(CInlineAction), Array)
#18 C:\yii\framework\web\CWebApplication.php(282): CController->run('view')
#19 C:\yii\framework\web\CWebApplication.php(141): CWebApplication->runController('documentsOutbou...')
#20 C:\yii\framework\base\CApplication.php(169): CWebApplication->processRequest()
#21 C:\xampp\htdocs\testingRelation\index.php(13): CApplication->run()
#22 {main}
REQUEST_URI=/testingRelation/index.php?r=documentsOutbound/view&id=1
HTTP_REFERER=http://localhost/testingRelation/index.php?r=documentsOutbound
---
2013/02/07 15:20:25 [error] [exception.CException] exception 'CException' with message 'Property "DocumentsOutbound.document_table" is not defined.' in C:\yii\framework\base\CComponent.php:130
Stack trace:
#0 C:\yii\framework\db\ar\CActiveRecord.php(143): CComponent->__get('document_table')
#1 C:\xampp\htdocs\testingRelation\protected\views\documentsOutbound\view.php(16): CActiveRecord->__get('document_table')
#2 C:\yii\framework\web\CBaseController.php(126): require('C:\xampp\htdocs...')
#3 C:\yii\framework\web\CBaseController.php(95): CBaseController->renderInternal('C:\xampp\htdocs...', Array, true)
#4 C:\yii\framework\web\CController.php(869): CBaseController->renderFile('C:\xampp\htdocs...', Array, true)
#5 C:\yii\framework\web\CController.php(782): CController->renderPartial('view', Array, true)
#6 C:\xampp\htdocs\testingRelation\protected\controllers\DocumentsOutboundController.php(62): CController->render('view', Array)
#7 [internal function]: DocumentsOutboundController->actionView('1')
#8 C:\yii\framework\web\actions\CAction.php(108): ReflectionMethod->invokeArgs(Object(DocumentsOutboundController), Array)
#9 C:\yii\framework\web\actions\CInlineAction.php(47): CAction->runWithParamsInternal(Object(DocumentsOutboundController), Object(ReflectionMethod), Array)
#10 C:\yii\framework\web\CController.php(308): CInlineAction->runWithParams(Array)
#11 C:\yii\framework\web\filters\CFilterChain.php(133): CController->runAction(Object(CInlineAction))
#12 C:\yii\framework\web\filters\CFilter.php(40): CFilterChain->run()
#13 C:\yii\framework\web\CController.php(1145): CFilter->filter(Object(CFilterChain))
#14 C:\yii\framework\web\filters\CInlineFilter.php(58): CController->filterAccessControl(Object(CFilterChain))
#15 C:\yii\framework\web\filters\CFilterChain.php(130): CInlineFilter->filter(Object(CFilterChain))
#16 C:\yii\framework\web\CController.php(291): CFilterChain->run()
#17 C:\yii\framework\web\CController.php(265): CController->runActionWithFilters(Object(CInlineAction), Array)
#18 C:\yii\framework\web\CWebApplication.php(282): CController->run('view')
#19 C:\yii\framework\web\CWebApplication.php(141): CWebApplication->runController('documentsOutbou...')
#20 C:\yii\framework\base\CApplication.php(169): CWebApplication->processRequest()
#21 C:\xampp\htdocs\testingRelation\index.php(13): CApplication->run()
#22 {main}
REQUEST_URI=/testingRelation/index.php?r=documentsOutbound/view&id=1
HTTP_REFERER=http://localhost/testingRelation/index.php?r=documentsOutbound
---
2013/02/07 15:20:25 [error] [exception.CException] exception 'CException' with message 'Property "DocumentsOutbound.document_table" is not defined.' in C:\yii\framework\base\CComponent.php:130
Stack trace:
#0 C:\yii\framework\db\ar\CActiveRecord.php(143): CComponent->__get('document_table')
#1 C:\xampp\htdocs\testingRelation\protected\views\documentsOutbound\view.php(16): CActiveRecord->__get('document_table')
#2 C:\yii\framework\web\CBaseController.php(126): require('C:\xampp\htdocs...')
#3 C:\yii\framework\web\CBaseController.php(95): CBaseController->renderInternal('C:\xampp\htdocs...', Array, true)
#4 C:\yii\framework\web\CController.php(869): CBaseController->renderFile('C:\xampp\htdocs...', Array, true)
#5 C:\yii\framework\web\CController.php(782): CController->renderPartial('view', Array, true)
#6 C:\xampp\htdocs\testingRelation\protected\controllers\DocumentsOutboundController.php(62): CController->render('view', Array)
#7 [internal function]: DocumentsOutboundController->actionView('1')
#8 C:\yii\framework\web\actions\CAction.php(108): ReflectionMethod->invokeArgs(Object(DocumentsOutboundController), Array)
#9 C:\yii\framework\web\actions\CInlineAction.php(47): CAction->runWithParamsInternal(Object(DocumentsOutboundController), Object(ReflectionMethod), Array)
#10 C:\yii\framework\web\CController.php(308): CInlineAction->runWithParams(Array)
#11 C:\yii\framework\web\filters\CFilterChain.php(133): CController->runAction(Object(CInlineAction))
#12 C:\yii\framework\web\filters\CFilter.php(40): CFilterChain->run()
#13 C:\yii\framework\web\CController.php(1145): CFilter->filter(Object(CFilterChain))
#14 C:\yii\framework\web\filters\CInlineFilter.php(58): CController->filterAccessControl(Object(CFilterChain))
#15 C:\yii\framework\web\filters\CFilterChain.php(130): CInlineFilter->filter(Object(CFilterChain))
#16 C:\yii\framework\web\CController.php(291): CFilterChain->run()
#17 C:\yii\framework\web\CController.php(265): CController->runActionWithFilters(Object(CInlineAction), Array)
#18 C:\yii\framework\web\CWebApplication.php(282): CController->run('view')
#19 C:\yii\framework\web\CWebApplication.php(141): CWebApplication->runController('documentsOutbou...')
#20 C:\yii\framework\base\CApplication.php(169): CWebApplication->processRequest()
#21 C:\xampp\htdocs\testingRelation\index.php(13): CApplication->run()
#22 {main}
REQUEST_URI=/testingRelation/index.php?r=documentsOutbound/view&id=1
HTTP_REFERER=http://localhost/testingRelation/index.php?r=documentsOutbound
---
2013/02/07 15:20:26 [error] [exception.CException] exception 'CException' with message 'Property "DocumentsOutbound.document_table" is not defined.' in C:\yii\framework\base\CComponent.php:130
Stack trace:
#0 C:\yii\framework\db\ar\CActiveRecord.php(143): CComponent->__get('document_table')
#1 C:\xampp\htdocs\testingRelation\protected\views\documentsOutbound\view.php(16): CActiveRecord->__get('document_table')
#2 C:\yii\framework\web\CBaseController.php(126): require('C:\xampp\htdocs...')
#3 C:\yii\framework\web\CBaseController.php(95): CBaseController->renderInternal('C:\xampp\htdocs...', Array, true)
#4 C:\yii\framework\web\CController.php(869): CBaseController->renderFile('C:\xampp\htdocs...', Array, true)
#5 C:\yii\framework\web\CController.php(782): CController->renderPartial('view', Array, true)
#6 C:\xampp\htdocs\testingRelation\protected\controllers\DocumentsOutboundController.php(62): CController->render('view', Array)
#7 [internal function]: DocumentsOutboundController->actionView('1')
#8 C:\yii\framework\web\actions\CAction.php(108): ReflectionMethod->invokeArgs(Object(DocumentsOutboundController), Array)
#9 C:\yii\framework\web\actions\CInlineAction.php(47): CAction->runWithParamsInternal(Object(DocumentsOutboundController), Object(ReflectionMethod), Array)
#10 C:\yii\framework\web\CController.php(308): CInlineAction->runWithParams(Array)
#11 C:\yii\framework\web\filters\CFilterChain.php(133): CController->runAction(Object(CInlineAction))
#12 C:\yii\framework\web\filters\CFilter.php(40): CFilterChain->run()
#13 C:\yii\framework\web\CController.php(1145): CFilter->filter(Object(CFilterChain))
#14 C:\yii\framework\web\filters\CInlineFilter.php(58): CController->filterAccessControl(Object(CFilterChain))
#15 C:\yii\framework\web\filters\CFilterChain.php(130): CInlineFilter->filter(Object(CFilterChain))
#16 C:\yii\framework\web\CController.php(291): CFilterChain->run()
#17 C:\yii\framework\web\CController.php(265): CController->runActionWithFilters(Object(CInlineAction), Array)
#18 C:\yii\framework\web\CWebApplication.php(282): CController->run('view')
#19 C:\yii\framework\web\CWebApplication.php(141): CWebApplication->runController('documentsOutbou...')
#20 C:\yii\framework\base\CApplication.php(169): CWebApplication->processRequest()
#21 C:\xampp\htdocs\testingRelation\index.php(13): CApplication->run()
#22 {main}
REQUEST_URI=/testingRelation/index.php?r=documentsOutbound/view&id=1
HTTP_REFERER=http://localhost/testingRelation/index.php?r=documentsOutbound
---
2013/02/07 15:20:26 [error] [exception.CException] exception 'CException' with message 'Property "DocumentsOutbound.document_table" is not defined.' in C:\yii\framework\base\CComponent.php:130
Stack trace:
#0 C:\yii\framework\db\ar\CActiveRecord.php(143): CComponent->__get('document_table')
#1 C:\xampp\htdocs\testingRelation\protected\views\documentsOutbound\view.php(16): CActiveRecord->__get('document_table')
#2 C:\yii\framework\web\CBaseController.php(126): require('C:\xampp\htdocs...')
#3 C:\yii\framework\web\CBaseController.php(95): CBaseController->renderInternal('C:\xampp\htdocs...', Array, true)
#4 C:\yii\framework\web\CController.php(869): CBaseController->renderFile('C:\xampp\htdocs...', Array, true)
#5 C:\yii\framework\web\CController.php(782): CController->renderPartial('view', Array, true)
#6 C:\xampp\htdocs\testingRelation\protected\controllers\DocumentsOutboundController.php(62): CController->render('view', Array)
#7 [internal function]: DocumentsOutboundController->actionView('1')
#8 C:\yii\framework\web\actions\CAction.php(108): ReflectionMethod->invokeArgs(Object(DocumentsOutboundController), Array)
#9 C:\yii\framework\web\actions\CInlineAction.php(47): CAction->runWithParamsInternal(Object(DocumentsOutboundController), Object(ReflectionMethod), Array)
#10 C:\yii\framework\web\CController.php(308): CInlineAction->runWithParams(Array)
#11 C:\yii\framework\web\filters\CFilterChain.php(133): CController->runAction(Object(CInlineAction))
#12 C:\yii\framework\web\filters\CFilter.php(40): CFilterChain->run()
#13 C:\yii\framework\web\CController.php(1145): CFilter->filter(Object(CFilterChain))
#14 C:\yii\framework\web\filters\CInlineFilter.php(58): CController->filterAccessControl(Object(CFilterChain))
#15 C:\yii\framework\web\filters\CFilterChain.php(130): CInlineFilter->filter(Object(CFilterChain))
#16 C:\yii\framework\web\CController.php(291): CFilterChain->run()
#17 C:\yii\framework\web\CController.php(265): CController->runActionWithFilters(Object(CInlineAction), Array)
#18 C:\yii\framework\web\CWebApplication.php(282): CController->run('view')
#19 C:\yii\framework\web\CWebApplication.php(141): CWebApplication->runController('documentsOutbou...')
#20 C:\yii\framework\base\CApplication.php(169): CWebApplication->processRequest()
#21 C:\xampp\htdocs\testingRelation\index.php(13): CApplication->run()
#22 {main}
REQUEST_URI=/testingRelation/index.php?r=documentsOutbound/view&id=1
HTTP_REFERER=http://localhost/testingRelation/index.php?r=documentsOutbound
---
2013/02/07 15:20:26 [error] [exception.CException] exception 'CException' with message 'Property "DocumentsOutbound.document_table" is not defined.' in C:\yii\framework\base\CComponent.php:130
Stack trace:
#0 C:\yii\framework\db\ar\CActiveRecord.php(143): CComponent->__get('document_table')
#1 C:\xampp\htdocs\testingRelation\protected\views\documentsOutbound\view.php(16): CActiveRecord->__get('document_table')
#2 C:\yii\framework\web\CBaseController.php(126): require('C:\xampp\htdocs...')
#3 C:\yii\framework\web\CBaseController.php(95): CBaseController->renderInternal('C:\xampp\htdocs...', Array, true)
#4 C:\yii\framework\web\CController.php(869): CBaseController->renderFile('C:\xampp\htdocs...', Array, true)
#5 C:\yii\framework\web\CController.php(782): CController->renderPartial('view', Array, true)
#6 C:\xampp\htdocs\testingRelation\protected\controllers\DocumentsOutboundController.php(62): CController->render('view', Array)
#7 [internal function]: DocumentsOutboundController->actionView('1')
#8 C:\yii\framework\web\actions\CAction.php(108): ReflectionMethod->invokeArgs(Object(DocumentsOutboundController), Array)
#9 C:\yii\framework\web\actions\CInlineAction.php(47): CAction->runWithParamsInternal(Object(DocumentsOutboundController), Object(ReflectionMethod), Array)
#10 C:\yii\framework\web\CController.php(308): CInlineAction->runWithParams(Array)
#11 C:\yii\framework\web\filters\CFilterChain.php(133): CController->runAction(Object(CInlineAction))
#12 C:\yii\framework\web\filters\CFilter.php(40): CFilterChain->run()
#13 C:\yii\framework\web\CController.php(1145): CFilter->filter(Object(CFilterChain))
#14 C:\yii\framework\web\filters\CInlineFilter.php(58): CController->filterAccessControl(Object(CFilterChain))
#15 C:\yii\framework\web\filters\CFilterChain.php(130): CInlineFilter->filter(Object(CFilterChain))
#16 C:\yii\framework\web\CController.php(291): CFilterChain->run()
#17 C:\yii\framework\web\CController.php(265): CController->runActionWithFilters(Object(CInlineAction), Array)
#18 C:\yii\framework\web\CWebApplication.php(282): CController->run('view')
#19 C:\yii\framework\web\CWebApplication.php(141): CWebApplication->runController('documentsOutbou...')
#20 C:\yii\framework\base\CApplication.php(169): CWebApplication->processRequest()
#21 C:\xampp\htdocs\testingRelation\index.php(13): CApplication->run()
#22 {main}
REQUEST_URI=/testingRelation/index.php?r=documentsOutbound/view&id=1
HTTP_REFERER=http://localhost/testingRelation/index.php?r=documentsOutbound
---
2013/02/07 15:20:26 [error] [exception.CException] exception 'CException' with message 'Property "DocumentsOutbound.document_table" is not defined.' in C:\yii\framework\base\CComponent.php:130
Stack trace:
#0 C:\yii\framework\db\ar\CActiveRecord.php(143): CComponent->__get('document_table')
#1 C:\xampp\htdocs\testingRelation\protected\views\documentsOutbound\view.php(16): CActiveRecord->__get('document_table')
#2 C:\yii\framework\web\CBaseController.php(126): require('C:\xampp\htdocs...')
#3 C:\yii\framework\web\CBaseController.php(95): CBaseController->renderInternal('C:\xampp\htdocs...', Array, true)
#4 C:\yii\framework\web\CController.php(869): CBaseController->renderFile('C:\xampp\htdocs...', Array, true)
#5 C:\yii\framework\web\CController.php(782): CController->renderPartial('view', Array, true)
#6 C:\xampp\htdocs\testingRelation\protected\controllers\DocumentsOutboundController.php(62): CController->render('view', Array)
#7 [internal function]: DocumentsOutboundController->actionView('1')
#8 C:\yii\framework\web\actions\CAction.php(108): ReflectionMethod->invokeArgs(Object(DocumentsOutboundController), Array)
#9 C:\yii\framework\web\actions\CInlineAction.php(47): CAction->runWithParamsInternal(Object(DocumentsOutboundController), Object(ReflectionMethod), Array)
#10 C:\yii\framework\web\CController.php(308): CInlineAction->runWithParams(Array)
#11 C:\yii\framework\web\filters\CFilterChain.php(133): CController->runAction(Object(CInlineAction))
#12 C:\yii\framework\web\filters\CFilter.php(40): CFilterChain->run()
#13 C:\yii\framework\web\CController.php(1145): CFilter->filter(Object(CFilterChain))
#14 C:\yii\framework\web\filters\CInlineFilter.php(58): CController->filterAccessControl(Object(CFilterChain))
#15 C:\yii\framework\web\filters\CFilterChain.php(130): CInlineFilter->filter(Object(CFilterChain))
#16 C:\yii\framework\web\CController.php(291): CFilterChain->run()
#17 C:\yii\framework\web\CController.php(265): CController->runActionWithFilters(Object(CInlineAction), Array)
#18 C:\yii\framework\web\CWebApplication.php(282): CController->run('view')
#19 C:\yii\framework\web\CWebApplication.php(141): CWebApplication->runController('documentsOutbou...')
#20 C:\yii\framework\base\CApplication.php(169): CWebApplication->processRequest()
#21 C:\xampp\htdocs\testingRelation\index.php(13): CApplication->run()
#22 {main}
REQUEST_URI=/testingRelation/index.php?r=documentsOutbound/view&id=1
HTTP_REFERER=http://localhost/testingRelation/index.php?r=documentsOutbound
---
2013/02/07 15:20:26 [error] [exception.CException] exception 'CException' with message 'Property "DocumentsOutbound.document_table" is not defined.' in C:\yii\framework\base\CComponent.php:130
Stack trace:
#0 C:\yii\framework\db\ar\CActiveRecord.php(143): CComponent->__get('document_table')
#1 C:\xampp\htdocs\testingRelation\protected\views\documentsOutbound\view.php(16): CActiveRecord->__get('document_table')
#2 C:\yii\framework\web\CBaseController.php(126): require('C:\xampp\htdocs...')
#3 C:\yii\framework\web\CBaseController.php(95): CBaseController->renderInternal('C:\xampp\htdocs...', Array, true)
#4 C:\yii\framework\web\CController.php(869): CBaseController->renderFile('C:\xampp\htdocs...', Array, true)
#5 C:\yii\framework\web\CController.php(782): CController->renderPartial('view', Array, true)
#6 C:\xampp\htdocs\testingRelation\protected\controllers\DocumentsOutboundController.php(62): CController->render('view', Array)
#7 [internal function]: DocumentsOutboundController->actionView('1')
#8 C:\yii\framework\web\actions\CAction.php(108): ReflectionMethod->invokeArgs(Object(DocumentsOutboundController), Array)
#9 C:\yii\framework\web\actions\CInlineAction.php(47): CAction->runWithParamsInternal(Object(DocumentsOutboundController), Object(ReflectionMethod), Array)
#10 C:\yii\framework\web\CController.php(308): CInlineAction->runWithParams(Array)
#11 C:\yii\framework\web\filters\CFilterChain.php(133): CController->runAction(Object(CInlineAction))
#12 C:\yii\framework\web\filters\CFilter.php(40): CFilterChain->run()
#13 C:\yii\framework\web\CController.php(1145): CFilter->filter(Object(CFilterChain))
#14 C:\yii\framework\web\filters\CInlineFilter.php(58): CController->filterAccessControl(Object(CFilterChain))
#15 C:\yii\framework\web\filters\CFilterChain.php(130): CInlineFilter->filter(Object(CFilterChain))
#16 C:\yii\framework\web\CController.php(291): CFilterChain->run()
#17 C:\yii\framework\web\CController.php(265): CController->runActionWithFilters(Object(CInlineAction), Array)
#18 C:\yii\framework\web\CWebApplication.php(282): CController->run('view')
#19 C:\yii\framework\web\CWebApplication.php(141): CWebApplication->runController('documentsOutbou...')
#20 C:\yii\framework\base\CApplication.php(169): CWebApplication->processRequest()
#21 C:\xampp\htdocs\testingRelation\index.php(13): CApplication->run()
#22 {main}
REQUEST_URI=/testingRelation/index.php?r=documentsOutbound/view&id=1
HTTP_REFERER=http://localhost/testingRelation/index.php?r=documentsOutbound
---
2013/02/07 15:20:27 [error] [exception.CException] exception 'CException' with message 'Property "DocumentsOutbound.document_table" is not defined.' in C:\yii\framework\base\CComponent.php:130
Stack trace:
#0 C:\yii\framework\db\ar\CActiveRecord.php(143): CComponent->__get('document_table')
#1 C:\xampp\htdocs\testingRelation\protected\views\documentsOutbound\view.php(16): CActiveRecord->__get('document_table')
#2 C:\yii\framework\web\CBaseController.php(126): require('C:\xampp\htdocs...')
#3 C:\yii\framework\web\CBaseController.php(95): CBaseController->renderInternal('C:\xampp\htdocs...', Array, true)
#4 C:\yii\framework\web\CController.php(869): CBaseController->renderFile('C:\xampp\htdocs...', Array, true)
#5 C:\yii\framework\web\CController.php(782): CController->renderPartial('view', Array, true)
#6 C:\xampp\htdocs\testingRelation\protected\controllers\DocumentsOutboundController.php(62): CController->render('view', Array)
#7 [internal function]: DocumentsOutboundController->actionView('1')
#8 C:\yii\framework\web\actions\CAction.php(108): ReflectionMethod->invokeArgs(Object(DocumentsOutboundController), Array)
#9 C:\yii\framework\web\actions\CInlineAction.php(47): CAction->runWithParamsInternal(Object(DocumentsOutboundController), Object(ReflectionMethod), Array)
#10 C:\yii\framework\web\CController.php(308): CInlineAction->runWithParams(Array)
#11 C:\yii\framework\web\filters\CFilterChain.php(133): CController->runAction(Object(CInlineAction))
#12 C:\yii\framework\web\filters\CFilter.php(40): CFilterChain->run()
#13 C:\yii\framework\web\CController.php(1145): CFilter->filter(Object(CFilterChain))
#14 C:\yii\framework\web\filters\CInlineFilter.php(58): CController->filterAccessControl(Object(CFilterChain))
#15 C:\yii\framework\web\filters\CFilterChain.php(130): CInlineFilter->filter(Object(CFilterChain))
#16 C:\yii\framework\web\CController.php(291): CFilterChain->run()
#17 C:\yii\framework\web\CController.php(265): CController->runActionWithFilters(Object(CInlineAction), Array)
#18 C:\yii\framework\web\CWebApplication.php(282): CController->run('view')
#19 C:\yii\framework\web\CWebApplication.php(141): CWebApplication->runController('documentsOutbou...')
#20 C:\yii\framework\base\CApplication.php(169): CWebApplication->processRequest()
#21 C:\xampp\htdocs\testingRelation\index.php(13): CApplication->run()
#22 {main}
REQUEST_URI=/testingRelation/index.php?r=documentsOutbound/view&id=1
HTTP_REFERER=http://localhost/testingRelation/index.php?r=documentsOutbound
---
2013/02/07 15:21:08 [error] [exception.CException] exception 'CException' with message 'Property "DocumentsOutbound.name" is not defined.' in C:\yii\framework\base\CComponent.php:130
Stack trace:
#0 C:\yii\framework\db\ar\CActiveRecord.php(143): CComponent->__get('name')
#1 C:\xampp\htdocs\testingRelation\protected\views\documentsOutbound\view.php(16): CActiveRecord->__get('name')
#2 C:\yii\framework\web\CBaseController.php(126): require('C:\xampp\htdocs...')
#3 C:\yii\framework\web\CBaseController.php(95): CBaseController->renderInternal('C:\xampp\htdocs...', Array, true)
#4 C:\yii\framework\web\CController.php(869): CBaseController->renderFile('C:\xampp\htdocs...', Array, true)
#5 C:\yii\framework\web\CController.php(782): CController->renderPartial('view', Array, true)
#6 C:\xampp\htdocs\testingRelation\protected\controllers\DocumentsOutboundController.php(62): CController->render('view', Array)
#7 [internal function]: DocumentsOutboundController->actionView('1')
#8 C:\yii\framework\web\actions\CAction.php(108): ReflectionMethod->invokeArgs(Object(DocumentsOutboundController), Array)
#9 C:\yii\framework\web\actions\CInlineAction.php(47): CAction->runWithParamsInternal(Object(DocumentsOutboundController), Object(ReflectionMethod), Array)
#10 C:\yii\framework\web\CController.php(308): CInlineAction->runWithParams(Array)
#11 C:\yii\framework\web\filters\CFilterChain.php(133): CController->runAction(Object(CInlineAction))
#12 C:\yii\framework\web\filters\CFilter.php(40): CFilterChain->run()
#13 C:\yii\framework\web\CController.php(1145): CFilter->filter(Object(CFilterChain))
#14 C:\yii\framework\web\filters\CInlineFilter.php(58): CController->filterAccessControl(Object(CFilterChain))
#15 C:\yii\framework\web\filters\CFilterChain.php(130): CInlineFilter->filter(Object(CFilterChain))
#16 C:\yii\framework\web\CController.php(291): CFilterChain->run()
#17 C:\yii\framework\web\CController.php(265): CController->runActionWithFilters(Object(CInlineAction), Array)
#18 C:\yii\framework\web\CWebApplication.php(282): CController->run('view')
#19 C:\yii\framework\web\CWebApplication.php(141): CWebApplication->runController('documentsOutbou...')
#20 C:\yii\framework\base\CApplication.php(169): CWebApplication->processRequest()
#21 C:\xampp\htdocs\testingRelation\index.php(13): CApplication->run()
#22 {main}
REQUEST_URI=/testingRelation/index.php?r=documentsOutbound/view&id=1
HTTP_REFERER=http://localhost/testingRelation/index.php?r=documentsOutbound
---
2013/02/07 15:21:14 [error] [php] Object of class DocumentsOutbound could not be converted to string (C:\xampp\htdocs\testingRelation\protected\views\documentsOutbound\view.php:16)
Stack trace:
#0 C:\yii\framework\web\CController.php(869): DocumentsOutboundController->renderFile()
#1 C:\yii\framework\web\CController.php(782): DocumentsOutboundController->renderPartial()
#2 C:\xampp\htdocs\testingRelation\protected\controllers\DocumentsOutboundController.php(62): DocumentsOutboundController->render()
#3 unknown(0): DocumentsOutboundController->actionView()
#4 C:\yii\framework\web\actions\CAction.php(108): ReflectionMethod->invokeArgs()
#5 C:\yii\framework\web\actions\CInlineAction.php(47): CInlineAction->runWithParamsInternal()
#6 C:\yii\framework\web\CController.php(308): CInlineAction->runWithParams()
#7 C:\yii\framework\web\filters\CFilterChain.php(133): DocumentsOutboundController->runAction()
#8 C:\yii\framework\web\filters\CFilter.php(40): CFilterChain->run()
#9 C:\yii\framework\web\CController.php(1145): CAccessControlFilter->filter()
#10 C:\yii\framework\web\filters\CInlineFilter.php(58): DocumentsOutboundController->filterAccessControl()
#11 C:\yii\framework\web\filters\CFilterChain.php(130): CInlineFilter->filter()
#12 C:\yii\framework\web\CController.php(291): CFilterChain->run()
#13 C:\yii\framework\web\CController.php(265): DocumentsOutboundController->runActionWithFilters()
#14 C:\yii\framework\web\CWebApplication.php(282): DocumentsOutboundController->run()
#15 C:\yii\framework\web\CWebApplication.php(141): CWebApplication->runController()
#16 C:\yii\framework\base\CApplication.php(169): CWebApplication->processRequest()
#17 C:\xampp\htdocs\testingRelation\index.php(13): CWebApplication->run()
REQUEST_URI=/testingRelation/index.php?r=documentsOutbound/view&id=1
in C:\xampp\htdocs\testingRelation\protected\views\documentsOutbound\view.php (16)
in C:\xampp\htdocs\testingRelation\protected\controllers\DocumentsOutboundController.php (62)
in C:\xampp\htdocs\testingRelation\index.php (13)
2013/02/07 15:21:45 [error] [exception.CException] exception 'CException' with message 'Property "DocumentsOutbound.0" is not defined.' in C:\yii\framework\base\CComponent.php:130
Stack trace:
#0 C:\yii\framework\db\ar\CActiveRecord.php(143): CComponent->__get('0')
#1 C:\yii\framework\base\CModel.php(595): CActiveRecord->__get('0')
#2 C:\xampp\htdocs\testingRelation\protected\views\documentsOutbound\view.php(16): CModel->offsetGet(0)
#3 C:\yii\framework\web\CBaseController.php(126): require('C:\xampp\htdocs...')
#4 C:\yii\framework\web\CBaseController.php(95): CBaseController->renderInternal('C:\xampp\htdocs...', Array, true)
#5 C:\yii\framework\web\CController.php(869): CBaseController->renderFile('C:\xampp\htdocs...', Array, true)
#6 C:\yii\framework\web\CController.php(782): CController->renderPartial('view', Array, true)
#7 C:\xampp\htdocs\testingRelation\protected\controllers\DocumentsOutboundController.php(62): CController->render('view', Array)
#8 [internal function]: DocumentsOutboundController->actionView('1')
#9 C:\yii\framework\web\actions\CAction.php(108): ReflectionMethod->invokeArgs(Object(DocumentsOutboundController), Array)
#10 C:\yii\framework\web\actions\CInlineAction.php(47): CAction->runWithParamsInternal(Object(DocumentsOutboundController), Object(ReflectionMethod), Array)
#11 C:\yii\framework\web\CController.php(308): CInlineAction->runWithParams(Array)
#12 C:\yii\framework\web\filters\CFilterChain.php(133): CController->runAction(Object(CInlineAction))
#13 C:\yii\framework\web\filters\CFilter.php(40): CFilterChain->run()
#14 C:\yii\framework\web\CController.php(1145): CFilter->filter(Object(CFilterChain))
#15 C:\yii\framework\web\filters\CInlineFilter.php(58): CController->filterAccessControl(Object(CFilterChain))
#16 C:\yii\framework\web\filters\CFilterChain.php(130): CInlineFilter->filter(Object(CFilterChain))
#17 C:\yii\framework\web\CController.php(291): CFilterChain->run()
#18 C:\yii\framework\web\CController.php(265): CController->runActionWithFilters(Object(CInlineAction), Array)
#19 C:\yii\framework\web\CWebApplication.php(282): CController->run('view')
#20 C:\yii\framework\web\CWebApplication.php(141): CWebApplication->runController('documentsOutbou...')
#21 C:\yii\framework\base\CApplication.php(169): CWebApplication->processRequest()
#22 C:\xampp\htdocs\testingRelation\index.php(13): CApplication->run()
#23 {main}
REQUEST_URI=/testingRelation/index.php?r=documentsOutbound/view&id=1
HTTP_REFERER=http://localhost/testingRelation/index.php?r=documentsOutbound
---
2013/02/07 15:26:55 [error] [exception.CException] exception 'CException' with message 'Property "DocumentsOutbound.findAll" is not defined.' in C:\yii\framework\base\CComponent.php:130
Stack trace:
#0 C:\yii\framework\db\ar\CActiveRecord.php(143): CComponent->__get('findAll')
#1 C:\xampp\htdocs\testingRelation\protected\views\documentsOutbound\view.php(14): CActiveRecord->__get('findAll')
#2 C:\yii\framework\web\CBaseController.php(126): require('C:\xampp\htdocs...')
#3 C:\yii\framework\web\CBaseController.php(95): CBaseController->renderInternal('C:\xampp\htdocs...', Array, true)
#4 C:\yii\framework\web\CController.php(869): CBaseController->renderFile('C:\xampp\htdocs...', Array, true)
#5 C:\yii\framework\web\CController.php(782): CController->renderPartial('view', Array, true)
#6 C:\xampp\htdocs\testingRelation\protected\controllers\DocumentsOutboundController.php(62): CController->render('view', Array)
#7 [internal function]: DocumentsOutboundController->actionView('1')
#8 C:\yii\framework\web\actions\CAction.php(108): ReflectionMethod->invokeArgs(Object(DocumentsOutboundController), Array)
#9 C:\yii\framework\web\actions\CInlineAction.php(47): CAction->runWithParamsInternal(Object(DocumentsOutboundController), Object(ReflectionMethod), Array)
#10 C:\yii\framework\web\CController.php(308): CInlineAction->runWithParams(Array)
#11 C:\yii\framework\web\filters\CFilterChain.php(133): CController->runAction(Object(CInlineAction))
#12 C:\yii\framework\web\filters\CFilter.php(40): CFilterChain->run()
#13 C:\yii\framework\web\CController.php(1145): CFilter->filter(Object(CFilterChain))
#14 C:\yii\framework\web\filters\CInlineFilter.php(58): CController->filterAccessControl(Object(CFilterChain))
#15 C:\yii\framework\web\filters\CFilterChain.php(130): CInlineFilter->filter(Object(CFilterChain))
#16 C:\yii\framework\web\CController.php(291): CFilterChain->run()
#17 C:\yii\framework\web\CController.php(265): CController->runActionWithFilters(Object(CInlineAction), Array)
#18 C:\yii\framework\web\CWebApplication.php(282): CController->run('view')
#19 C:\yii\framework\web\CWebApplication.php(141): CWebApplication->runController('documentsOutbou...')
#20 C:\yii\framework\base\CApplication.php(169): CWebApplication->processRequest()
#21 C:\xampp\htdocs\testingRelation\index.php(13): CApplication->run()
#22 {main}
REQUEST_URI=/testingRelation/index.php?r=documentsOutbound/view&id=1
HTTP_REFERER=http://localhost/testingRelation/index.php?r=documentsOutbound
---
